#Generation Evaluation Fitness 2eDisSq Distance Speed RLFitness  (Seed: 1391104756)
0 0 0.155098 1.0212757594681847 0.17427698553260049 0.0073299539675555385 0.15509845925542315
1 1 0.0466345 1.0142038170766396 0.14264504646746556 0.0059995393029721386 0.046634509845025381
2 2 131.596 1.2205537470263164 0.53622367117230463 0.02255314902306127 131.5961360006543
3 3 40.638 1.1442099134106289 0.44085343258061149 0.018541951235725586 40.638026335323914
4 4 37.8072 1.140550185973922 0.43557999134719361 0.018320154413997043 37.807223020453613
5 5 86.2987 1.18905166289897 0.49981136426793021 0.021021675818805964 86.298650914909771
6 6 0.000133359 1.0020039123487434 0.05374143263939344 0.0022603227052234807 0.00013335910910922322
7 7 42.6744 1.1467455809636971 0.44446073835555538 0.018693671700687909 42.67442399832774
8 8 5.99109 1.0737592950827441 0.32042256509516792 0.013476722959924636 5.9910894542823625
9 9 0.000208787 1.0023272460093768 0.057910322534547268 0.0024356629598985243 0.00020878685386685293
10 10 5.11274 1.0698331084757227 0.31206691116439245 0.013125290678179354 5.112738511433415
11 11 73.277 1.1781765491729044 0.48636996464189486 0.020456341043148328 73.277008843219733
12 12 497.846 1.3641783813195805 0.66935215315483809 0.02815242905260926 497.84624525839797
13 13 21.9811 1.116012591841701 0.39793630774425109 0.016736890467036126 21.981060603602451
14 14 0.175453 1.0221783152835051 0.17789573104553161 0.0074821555789675101 0.17545284158515639
15 15 27.3724 1.1253436625613511 0.41275373468452287 0.017360099877377341 27.372427665392539
16 16 607.807 1.3936324388451247 0.69198996400930857 0.02910455770564056 607.80745541511874
17 17 104.252 1.2025152963374095 0.51580543386462341 0.021694373900766506 104.25159915172296
18 18 10.5514 1.0897432153811473 0.35211961272073189 0.014809876039734715 10.551362423734968
19 19 0.210525 1.0235835260750827 0.18338166053080279 0.0077128894906966332 0.21052450425401117
20 20 1053.53 1.4898943728848821 0.75842603688679067 0.031898807069599265 1053.5293801193613
21 21 293.056 1.2972770793517681 0.61276965574035402 0.025772613380734995 293.05609161554526
22 22 0.650451 1.0345329946975865 0.22131348416732782 0.0093082723825424069 0.65045087139405644
23 23 0.000915044 1.0038113310117034 0.074081957508956464 0.0031158293030348508 0.00091504392927767438
24 24 58.4816 1.1642686161883362 0.46842710260818005 0.019701678272551353 58.481612215631067
