#Generation Evaluation Fitness 2eDisSq Distance Speed RLFitness  (Seed: 757823608)
0 0 6.17641e-06 1.0007191803609121 0.032205357059522655 0.0013545321778063028 6.1764077418036724e-06
1 1 0.00192129 1.0048830606148027 0.083830919764669665 0.0035258630452838858 0.0019212887254468254
2 2 0.0139562 1.0094785671306976 0.11666310571898324 0.0049067591570904805 0.013956240661099441
3 3 0.0191741 1.0105427539697773 0.12300553014542905 0.005173516577449069 0.019174103626411636
4 4 0.839856 1.0376608833522334 0.23094379266518034 0.0097133156403592016 0.83985634933508235
5 5 2.08169 1.05130397582671 0.26866312163387651 0.011299761172353496 2.0816877518839818
6 6 14.9077 1.101239396573356 0.37299883114545412 0.015688039667961576 14.907749027278165
7 7 6.55866 1.0761024911358235 0.32529293093541833 0.013681566745264913 6.5586582359383776
8 8 4.21747 1.0653541712284411 0.30221370973211176 0.012710872717534993 4.2174721087655795
9 9 197.394 1.2562697261615221 0.57371268934287545 0.02412990786267143 197.39401543185508
10 10 54.5957 1.1602632035013554 0.46308974843505479 0.019477193322470332 54.595676209178016
11 11 1.75163 1.0483667804710959 0.26104318593059012 0.010979272624940696 1.7516261282917858
12 12 31.7371 1.1320817635153522 0.42305810380252545 0.017793493598693023 31.737108643589284
13 13 28.0282 1.1263970768400464 0.41438568398864395 0.017428738391177815 28.028232191916523
14 14 3.39843 1.0606807600388042 0.29153130931263294 0.012261579294777624 3.3984310746965134
15 15 0.000252733 1.002480436744086 0.059783634690219835 0.0025144530068228446 0.00025273252738445249
16 16 7.19249 1.0785700593418295 0.33033300001681104 0.013893548116454059 7.1924858607329147
17 17 1.12675 1.0416161919057532 0.24253614258507539 0.010200880828780108 1.1267460489389844
18 18 69.634 1.174925067016275 0.48225382240397874 0.020283219313760922 69.633996147046403
19 19 1.23165 1.0428960661734208 0.24616130420396759 0.010353352296600272 1.2316461475998703
20 20 0.00747884 1.0076921226430724 0.10514239666896148 0.004422207127732238 0.0074788441208446564
21 21 0.00181928 1.0047948499440671 0.083072106368582546 0.0034939479461887075 0.0018192759682251446
22 22 19.8184 1.1118634340192934 0.39112606429021729 0.0164504569435657 19.818363736938647
23 23 0.096635 1.0181436621583237 0.16106254376854781 0.0067741648624052879 0.096635026703799018
24 24 0.169265 1.0219115785971542 0.17683430599423167 0.0074375128698785332 0.16926469439309938
