#Generation Evaluation Fitness 2eDisSq Distance Speed RLFitness  (Seed: 1494214695)
0 0 0.000187103 1.0022436230508469 0.056861569799606604 0.0023915532385433464 0.0001871028139077274
1 1 0.19225 1.0228724240408051 0.18062729225897164 0.0075970429112959138 0.19225049953914553
2 2 0.158781 1.0214446109247217 0.1749599219833792 0.0073586777415620471 0.15878106323448055
3 3 2.97899 1.0579997678927933 0.28520047501564194 0.011995309346216437 2.9789877314351818
4 4 0.0113014 1.0088319827302124 0.11263178449422992 0.0047372049333037495 0.011301420576881655
5 5 0.859812 1.037962389421484 0.23184945238736504 0.009751406981299008 0.85981238051553377
6 6 0.0114825 1.0088791049181252 0.11293053211461526 0.0047497700250090577 0.011482474627394171
7 7 15.2899 1.102139590337871 0.3745757046497557 0.015754361736614906 15.289908224122785
8 8 72.3569 1.1773648272083008 0.48534671534548368 0.020413303976509256 72.356877408504971
9 9 502.4 1.3654668192589776 0.67036874714453831 0.028195186202243389 502.40019836262451
10 10 144.855 1.228489343289592 0.54487185914241409 0.022916885058143249 144.85500953247822
11 11 910.776 1.4620159099088812 0.74024253527585926 0.03113402318623229 910.77576745872011
12 12 55.6085 1.161323722798576 0.46451069335576284 0.019536957156618549 55.608546644169941
13 13 0.777714 1.0366908609640106 0.22800383692577539 0.0095896633969454609 0.77771447213063538
14 14 1.74731e-05 1.001017296296814 0.038300160728463629 0.0016108748624017333 1.7473134767873819e-05
15 15 78.8164 1.1829362638080512 0.49231325786307001 0.02070631131658273 78.816371226254617
16 16 0.314135 1.0269942986246035 0.19603104992213341 0.0082449129341408897 0.31413508416011804
17 17 11.6116 1.0927846763905633 0.35778367576418224 0.015048102109866375 11.611554820599322
18 18 6.99455e-05 1.0016157476649203 0.048261268015716632 0.002029831259072877 6.9945474019396416e-05
19 19 61.3528 1.1671238771008847 0.47218396315346201 0.01985968889440877 61.35283641350172
20 20 3.0317 1.0583496273312951 0.28603549182998056 0.012030429501597457 3.0317039869856739
21 21 0.434666 1.0301265501918129 0.20693376279480705 0.0087034725266995055 0.43466570577133473
22 22 1301.51 1.5338965776833928 0.78562154567435194 0.033042628939870186 1301.5101529284375
23 23 0.0204248 1.0107683761513755 0.12430781387161549 0.005228289614384915 0.020424800373959235
24 24 0.301795 1.026631375871808 0.19472611003592502 0.0081900281811879798 0.3017952338301772
