#Generation Evaluation Fitness 2eDisSq Distance Speed RLFitness  (Seed: 3769583512)
0 0 0.00156972 1.0045642136070105 0.081054221114943814 0.0034090772676204496 0.0015697159399932032
1 1 0.0377703 1.0132335948990268 0.13772006800819986 0.0057923985535077334 0.037770316015075807
2 2 17.1919 1.1064199236474666 0.38196732961469237 0.016065247712596417 17.191926998883918
3 3 1.8009 1.0488269539785182 0.26225305948413147 0.011030158962152233 1.8009042714884005
4 4 1.5417 1.0463059032122479 0.25554785613111325 0.010748143343334174 1.5417029335600807
5 5 0.0194856 1.0105998439672159 0.12333637874478277 0.0051874318112711502 0.019485627936816859
6 6 3.3812 1.060574984838015 0.29128444172027312 0.012251196236552546 3.381200916584238
7 7 0.0190098 1.0105124042256892 0.12282927653216415 0.0051661034880620899 0.019009846524327287
8 8 42.1754 1.1461313484660824 0.44359033883062521 0.018657063376119849 42.175449577714886
9 9 0.262534 1.025407271562139 0.19025518020878388 0.008001984362751683 0.26253438360392461
10 10 0.000187394 1.0022447890062944 0.056876326108942506 0.0023921738773949562 0.00018739433651772746
11 11 0.0346962 1.0128619938355488 0.13578517973198659 0.005711018663020968 0.034696165153193931
12 12 2.04291 1.0509753904629913 0.26782249287457394 0.011264404982948091 2.0429114200298359
13 13 8.47353 1.0831610104341434 0.33948153642499213 0.014278328416259757 8.4735266901520276
14 14 22.6273 1.1172021812320136 0.39986284581017228 0.016817919154196337 22.627343126641517
15 15 141.994 1.2268147625163224 0.5430630093004668 0.022840806245813756 141.99353741439316
16 16 3.96504 1.0639816561149664 0.29912084155117669 0.012580789096196891 3.9650374308314564
17 17 7.41382 1.0793987383098274 0.3320058826035362 0.0139639082521676 7.4138179942005253
18 18 497.71 1.3641396805963868 0.6693215790411905 0.028151143129256047 497.70981958565841
19 19 2.67079 1.0558695283114843 0.28005637783369602 0.011778952634324385 2.6707919119364201
20 20 75.0535 1.1797262842161673 0.48831564543649258 0.020538174858533542 75.053522915541279
21 21 0.0022067 1.0051143712276824 0.085788542103891946 0.0036081991127141703 0.0022066983601603668
22 22 1.6244 1.0471383783922492 0.25778305940350338 0.010842154248128528 1.6244019022887788
23 23 189.898 1.2526002858352741 0.57002290591609095 0.023974718452056364 189.89830762607735
24 24 2658.25 1.7208074162423299 0.88492126629194034 0.037219097673786256 2658.2452118135411
