#Generation Evaluation Fitness 2eDisSq Distance Speed RLFitness  (Seed: 3652772799)
0 0 3.95947e-05 1.0013364066895627 0.043894648147678322 0.0018461746360901043 3.959466568374014e-05
1 1 7.87255 1.081067068631095 0.33534464304954514 0.014104333910226495 7.8725510619490811
2 2 374.445 1.3263387791341765 0.6383175713306698 0.026847138767272457 374.44500838436198
3 3 0.981638 1.0397103629434556 0.23702676203769063 0.0099691605836848361 0.98163842539720203
4 4 17.7789 1.1076798262936378 0.38411057279964222 0.016155390847898819 17.778897097438929
5 5 0.0875027 1.0175479524678854 0.15841964472723594 0.0066630065918252043 0.08750270073278317
6 6 6.29236 1.0750200300146628 0.3230534641250758 0.013587376519392498 6.2923614506765846
7 7 45.4706 1.1501077100234636 0.44918702000793204 0.018892455417561085 45.470573966192397
8 8 5.06154 1.0695912889118584 0.31154393081748066 0.013103294533036713 5.0615440248109769
9 9 2792.74 1.7363712786318724 0.89223061157971273 0.037526523030775291 2792.7365175732984
10 10 110.633 1.2069592769204733 0.52093857608788596 0.021910269855647955 110.63342543311315
11 11 170.781 1.2428347472394894 0.56003078672549578 0.023554457718939079 170.78064955027
12 12 0.843835 1.0377213601576298 0.23112575769375851 0.0097209689474158142 0.84383461173250751
13 13 18.1634 1.1084910096239324 0.38548290406572727 0.016213110029682332 18.163434838254844
14 14 5.67778 1.0724041871120111 0.31756693361500093 0.013356617329029307 5.6777844483173112
15 15 40.9297 1.1445778504490718 0.44137919484056681 0.018564064385959273 40.929684419067001
16 16 2840.61 1.7418236450618425 0.89476173496393929 0.037632980104472621 2840.6103507895932
17 17 3912.18 1.8541260844493654 0.94378988846973377 0.039695065968612706 3912.1830595099527
18 18 338.75 1.3140933206141789 0.62774814423520198 0.026402596914333918 338.7504436041653
19 19 422.56 1.3418309768476353 0.65130864767229435 0.027393533297118758 422.55993255805271
20 20 0.0525569 1.0147855439032172 0.14551588501703142 0.0061202845313354515 0.052556892313277211
21 21 0.38871 1.0290092237024684 0.20311551919242507 0.0085428801813772492 0.38871015898058042
22 22 2.48692 1.0545216554067334 0.27674667528115249 0.01163974912858147 2.4869194585071606
23 23 0.137998 1.0204549557325497 0.17091665003131323 0.0071886208795135251 0.13799821848306018
24 24 1810.31 1.6121237785223241 0.83003766055418671 0.034910736059647896 1810.3145150062567
