#Generation Evaluation Fitness 2eDisSq Distance Speed RLFitness  (Seed: 4187181723)
0 0 3.07327 1.0586227167005247 0.28668539869159665 0.012057764076867289 3.0732698334795279
1 1 0.000100548 1.0018237128409093 0.05127051037597969 0.0021563976436734392 0.00010054792015193281
2 2 2537.66 1.7065249035713013 0.87810105799579807 0.036932245036835391 2537.6647674601991
3 3 101.711 1.2007000782695836 0.51368845288003429 0.021605335333110463 101.71056525571632
4 4 147.172 1.2298308108963514 0.54631479584411169 0.022977573849432695 147.17194298995952
5 5 3672.87 1.8304435603051044 0.93391289231300645 0.039279647220432673 3672.8692802281785
6 6 234612 11.208625752863473 1.8672272225148199 0.078534119385717582 234612.02593368301
7 7 0.790997 1.0369023537810211 0.22864828971907361 0.0096167685783594293 0.79099728137536407
8 8 769.772 1.4320497925883584 0.71977889396642336 0.030273338407066953 769.77161705879541
9 9 2170.55 1.6608556660102864 0.85552714957280884 0.035982804070188827 2170.5511484830804
10 10 282.062 1.2930078567751966 0.60887686891728643 0.0256088858057405 282.06168843026762
11 11 116578 6.7811387412557069 1.6617844511889219 0.069893356796303888 116577.67619893985
12 12 8155.26 2.2005490946949071 1.0667068758142322 0.044864858504972731 8155.2600563232108
13 13 0.889343 1.0384002668309533 0.23315801330789568 0.0098064440321288509 0.88934306797428531
14 14 6180.08 2.0525117998143818 1.0185236943867937 0.042838311506846957 6180.079578925619
15 15 255.77 1.2823895533474765 0.59902802781968267 0.025194651237368935 255.77029564795217
16 16 21.5477 1.1152025551548861 0.39661791667705815 0.016681439967911292 21.547714932900735
17 17 863520 41.733458969760271 2.320157881371371 0.097584029330895675 863520.15623846964
18 18 40.1034 1.1435311985276295 0.439881491753982 0.01850107216327317 40.103417418775706
