#Generation Evaluation Fitness 2eDisSq Distance Speed RLFitness  (Seed: 1488060056)
0 0 0.000347129 1.0027576021780362 0.063030973792748246 0.002651033554540219 0.00034712936047958081
1 1 3.71998e-05 1.0013088825022696 0.043440575261206482 0.0018270766849430721 3.7199804205923901e-05
2 2 0.122671 1.0196600521670345 0.16759548768473159 0.0070489353837790893 0.12267079418552651
3 3 1.68674 1.0477478409237289 0.25940614590696021 0.010910419999451557 1.686742606289785
4 4 0.0255985 1.0116149652034159 0.12907472489196792 0.0054287821707590823 0.025598498722128361
5 5 0.402436 1.0293516414426749 0.20429369048649468 0.0085924331463027772 0.40243613620716245
6 6 4.06542 1.0645340457131836 0.30036992277842411 0.012633324477558223 4.0654245449433839
7 7 0.190417 1.0227986593585785 0.18033905475386769 0.0075849198668349526 0.19041711525315791
8 8 0.0793821 1.0169826640778481 0.15586881217012175 0.0065557205657016263 0.079382103392639555
9 9 0.791011 1.0369025694119931 0.2286489457875909 0.0096167961720891263 0.79101089928967605
10 10 15.0392 1.1015506390252077 0.37354493468192818 0.015711008356406798 15.039186938540871
11 11 208.127 1.2613834955070098 0.57879785900838443 0.02434378612922208 208.12715295684237
12 12 0.0234965 1.0112860927454326 0.12724461985224927 0.0053518093814034834 0.023496534828930098
13 13 5.59921 1.0720568416221548 0.31683024017139783 0.013325632577868342 5.5992132323680419
14 14 2.95359 1.057829792142633 0.28479380671307913 0.011978205194863686 2.9535919211918968
15 15 121.401 1.2141193192915822 0.52906541320955291 0.022252078281020944 121.40133835047298
16 16 0.305519 1.0267418975565423 0.19512447939905997 0.0082067832856266964 0.30551869593709163
17 17 1.71734 1.0480416089591769 0.26018454096222915 0.010943158687846132 1.7173395908861113
18 18 5.37766 1.0710601731948792 0.31470547241140773 0.013236266504517511 5.3776559925355851
19 19 451.224 1.3505862505891935 0.6584723043470645 0.027694831104772281 451.22413995497777
20 20 307.285 1.3026664717076166 0.61763075592883088 0.025977067459994618 307.28455584546032
21 21 2890.23 1.7474281626216861 0.89734784065372086 0.037741749691021308 2890.2285051414037
22 22 628.69 1.3988803635318068 0.69589696374310661 0.029268883064565442 628.69049921566352
23 23 320.884 1.3076842753440325 0.62210470300033205 0.026165238181373372 320.88406800972319
24 24 85.6307 1.1885192434823206 0.49916456439522783 0.020994471921064468 85.630746721552683
