#Generation Evaluation Fitness 2eDisSq Distance Speed RLFitness  (Seed: 756558981)
0 0 0.0248287 1.0114966813852193 0.12841957238862761 0.0054012269678931531 0.024828733347735745
1 1 0.248469 1.0249394585085838 0.18851709370642458 0.0079288818012459867 0.24846868542795258
2 2 1.67118 1.0475970427527463 0.25900558342041141 0.010893572653954048 1.6711752898413215
3 3 0.376466 1.0286970132958184 0.20203495096961266 0.0084974323254379501 0.37646645714512444
4 4 82.855 1.1862790391340019 0.49643066350218173 0.020879486183638198 82.85502302077343
5 5 0.363586 1.0283612636194381 0.200866056801074 0.0084482695491703459 0.36358551396135708
6 6 18.0875 1.1083317567334943 0.3852139505043255 0.016201798052840083 18.08753096673567
7 7 4.71278 1.0679003821285964 0.30785885262193041 0.012948303020774337 4.7127795604561573
8 8 0.198025 1.0231017574935348 0.18152036352972503 0.0076346047917953052 0.19802469968747172
9 9 42.5848 1.1466356310589878 0.44430509313397332 0.018687125384167801 42.584837800413901
10 10 0.712711 1.0356202293788432 0.22471104030817801 0.0094511709416292868 0.71271140649131981
11 11 90.6891 1.192490630293773 0.50396223137111484 0.021196258048919694 90.689120167086728
12 12 0.178037 1.022287882561479 0.1783298216679185 0.0075004130916856669 0.17803734088057982
13 13 5.22149 1.0703416924835201 0.31316358591057963 0.013171415961918721 5.2214941002856765
14 14 174.361 1.2447114313233056 0.56197091801270138 0.023636058126375384 174.36137935552352
15 15 38.2537 1.1411385138607693 0.43643317896296824 0.018356038819101996 38.253731457670021
16 16 14.2001 1.0995329960217413 0.36998770095303535 0.015561393882614235 14.200085948973843
17 17 0.454954 1.0305951579238484 0.20851311556376176 0.0087698988712887858 0.4549540258071858
18 18 43.4543 1.1476967690218418 0.44580435215217368 0.018750183048123089 43.45433130910142
19 19 3.95414 1.0639211274446498 0.29898361541133089 0.012575017471876324 3.9541358209597859
20 20 8.10585 1.0818916904597409 0.33698082493743942 0.014173150443196504 8.1058466298202347
21 21 0.335706 1.0276068193562211 0.19821293935654336 0.0083366815005275798 0.3357061200213069
22 22 35.5153 1.137460078460895 0.43106369807920991 0.018130202644650519 35.515337808865226
23 23 184.646 1.2499776497108892 0.56736434408211878 0.02386290141664367 184.64582079349051
24 24 7.03591 1.0779738857498229 0.32912342484391427 0.013842674328899516 7.0359056861320592
